<?xml version="1.0" encoding="UTF-8"?>
<!-- Generated by org.testng.reporters.JUnitReportReporter -->
<testsuite hostname="LAPTOP-133UQF17" failures="0" tests="1" name="TestDemo1.TestDemo" time="0.006" errors="0" timestamp="3 Apr 2021 08:09:00 GMT">
  <testcase classname="TestDemo1.TestDemo" name="sum" time="0.006"/>
</testsuite> <!-- TestDemo1.TestDemo -->
